  context.c
C:\Users\hjh22\dev\Project\ChickenBroth\ChickenBroth\vendor\GLFW\include\GLFW\glfw3.h(3160,1): warning C4819: 현재 코드 페이지(949)에서 표시할 수 없는 문자가 파일에 들어 있습니다. 데이터가 손실되지 않게 하려면 해당 파일을 유니코드 형식으로 저장하십시오.
  egl_context.c
C:\Users\hjh22\dev\Project\ChickenBroth\ChickenBroth\vendor\GLFW\include\GLFW\glfw3.h(3160,1): warning C4819: 현재 코드 페이지(949)에서 표시할 수 없는 문자가 파일에 들어 있습니다. 데이터가 손실되지 않게 하려면 해당 파일을 유니코드 형식으로 저장하십시오.
  init.c
C:\Users\hjh22\dev\Project\ChickenBroth\ChickenBroth\vendor\GLFW\include\GLFW\glfw3.h(3160,1): warning C4819: 현재 코드 페이지(949)에서 표시할 수 없는 문자가 파일에 들어 있습니다. 데이터가 손실되지 않게 하려면 해당 파일을 유니코드 형식으로 저장하십시오.
  input.c
C:\Users\hjh22\dev\Project\ChickenBroth\ChickenBroth\vendor\GLFW\include\GLFW\glfw3.h(3160,1): warning C4819: 현재 코드 페이지(949)에서 표시할 수 없는 문자가 파일에 들어 있습니다. 데이터가 손실되지 않게 하려면 해당 파일을 유니코드 형식으로 저장하십시오.
  monitor.c
C:\Users\hjh22\dev\Project\ChickenBroth\ChickenBroth\vendor\GLFW\include\GLFW\glfw3.h(3160,1): warning C4819: 현재 코드 페이지(949)에서 표시할 수 없는 문자가 파일에 들어 있습니다. 데이터가 손실되지 않게 하려면 해당 파일을 유니코드 형식으로 저장하십시오.
  null_init.c
C:\Users\hjh22\dev\Project\ChickenBroth\ChickenBroth\vendor\GLFW\include\GLFW\glfw3.h(3160,1): warning C4819: 현재 코드 페이지(949)에서 표시할 수 없는 문자가 파일에 들어 있습니다. 데이터가 손실되지 않게 하려면 해당 파일을 유니코드 형식으로 저장하십시오.
  null_joystick.c
C:\Users\hjh22\dev\Project\ChickenBroth\ChickenBroth\vendor\GLFW\include\GLFW\glfw3.h(3160,1): warning C4819: 현재 코드 페이지(949)에서 표시할 수 없는 문자가 파일에 들어 있습니다. 데이터가 손실되지 않게 하려면 해당 파일을 유니코드 형식으로 저장하십시오.
  null_monitor.c
C:\Users\hjh22\dev\Project\ChickenBroth\ChickenBroth\vendor\GLFW\include\GLFW\glfw3.h(3160,1): warning C4819: 현재 코드 페이지(949)에서 표시할 수 없는 문자가 파일에 들어 있습니다. 데이터가 손실되지 않게 하려면 해당 파일을 유니코드 형식으로 저장하십시오.
  null_window.c
C:\Users\hjh22\dev\Project\ChickenBroth\ChickenBroth\vendor\GLFW\include\GLFW\glfw3.h(3160,1): warning C4819: 현재 코드 페이지(949)에서 표시할 수 없는 문자가 파일에 들어 있습니다. 데이터가 손실되지 않게 하려면 해당 파일을 유니코드 형식으로 저장하십시오.
  osmesa_context.c
C:\Users\hjh22\dev\Project\ChickenBroth\ChickenBroth\vendor\GLFW\include\GLFW\glfw3.h(3160,1): warning C4819: 현재 코드 페이지(949)에서 표시할 수 없는 문자가 파일에 들어 있습니다. 데이터가 손실되지 않게 하려면 해당 파일을 유니코드 형식으로 저장하십시오.
  platform.c
C:\Users\hjh22\dev\Project\ChickenBroth\ChickenBroth\vendor\GLFW\include\GLFW\glfw3.h(3160,1): warning C4819: 현재 코드 페이지(949)에서 표시할 수 없는 문자가 파일에 들어 있습니다. 데이터가 손실되지 않게 하려면 해당 파일을 유니코드 형식으로 저장하십시오.
  vulkan.c
C:\Users\hjh22\dev\Project\ChickenBroth\ChickenBroth\vendor\GLFW\include\GLFW\glfw3.h(3160,1): warning C4819: 현재 코드 페이지(949)에서 표시할 수 없는 문자가 파일에 들어 있습니다. 데이터가 손실되지 않게 하려면 해당 파일을 유니코드 형식으로 저장하십시오.
  wgl_context.c
C:\Users\hjh22\dev\Project\ChickenBroth\ChickenBroth\vendor\GLFW\include\GLFW\glfw3.h(3160,1): warning C4819: 현재 코드 페이지(949)에서 표시할 수 없는 문자가 파일에 들어 있습니다. 데이터가 손실되지 않게 하려면 해당 파일을 유니코드 형식으로 저장하십시오.
  win32_init.c
C:\Users\hjh22\dev\Project\ChickenBroth\ChickenBroth\vendor\GLFW\include\GLFW\glfw3.h(3160,1): warning C4819: 현재 코드 페이지(949)에서 표시할 수 없는 문자가 파일에 들어 있습니다. 데이터가 손실되지 않게 하려면 해당 파일을 유니코드 형식으로 저장하십시오.
  win32_joystick.c
C:\Users\hjh22\dev\Project\ChickenBroth\ChickenBroth\vendor\GLFW\include\GLFW\glfw3.h(3160,1): warning C4819: 현재 코드 페이지(949)에서 표시할 수 없는 문자가 파일에 들어 있습니다. 데이터가 손실되지 않게 하려면 해당 파일을 유니코드 형식으로 저장하십시오.
  win32_module.c
C:\Users\hjh22\dev\Project\ChickenBroth\ChickenBroth\vendor\GLFW\include\GLFW\glfw3.h(3160,1): warning C4819: 현재 코드 페이지(949)에서 표시할 수 없는 문자가 파일에 들어 있습니다. 데이터가 손실되지 않게 하려면 해당 파일을 유니코드 형식으로 저장하십시오.
  win32_monitor.c
C:\Users\hjh22\dev\Project\ChickenBroth\ChickenBroth\vendor\GLFW\include\GLFW\glfw3.h(3160,1): warning C4819: 현재 코드 페이지(949)에서 표시할 수 없는 문자가 파일에 들어 있습니다. 데이터가 손실되지 않게 하려면 해당 파일을 유니코드 형식으로 저장하십시오.
  win32_thread.c
C:\Users\hjh22\dev\Project\ChickenBroth\ChickenBroth\vendor\GLFW\include\GLFW\glfw3.h(3160,1): warning C4819: 현재 코드 페이지(949)에서 표시할 수 없는 문자가 파일에 들어 있습니다. 데이터가 손실되지 않게 하려면 해당 파일을 유니코드 형식으로 저장하십시오.
  win32_time.c
C:\Users\hjh22\dev\Project\ChickenBroth\ChickenBroth\vendor\GLFW\include\GLFW\glfw3.h(3160,1): warning C4819: 현재 코드 페이지(949)에서 표시할 수 없는 문자가 파일에 들어 있습니다. 데이터가 손실되지 않게 하려면 해당 파일을 유니코드 형식으로 저장하십시오.
  win32_window.c
C:\Users\hjh22\dev\Project\ChickenBroth\ChickenBroth\vendor\GLFW\include\GLFW\glfw3.h(3160,1): warning C4819: 현재 코드 페이지(949)에서 표시할 수 없는 문자가 파일에 들어 있습니다. 데이터가 손실되지 않게 하려면 해당 파일을 유니코드 형식으로 저장하십시오.
  코드를 생성하고 있습니다...
  컴파일하고 있습니다...
  window.c
C:\Users\hjh22\dev\Project\ChickenBroth\ChickenBroth\vendor\GLFW\include\GLFW\glfw3.h(3160,1): warning C4819: 현재 코드 페이지(949)에서 표시할 수 없는 문자가 파일에 들어 있습니다. 데이터가 손실되지 않게 하려면 해당 파일을 유니코드 형식으로 저장하십시오.
  코드를 생성하고 있습니다...
  GLFW.vcxproj -> C:\Users\hjh22\dev\Project\ChickenBroth\ChickenBroth\vendor\GLFW\bin\Debug-windows-x86_64\GLFW\GLFW.lib
